Active-HDL 13.0.376.8320 2023-01-25 16:01:02

Elaboration top modules:
Architecture                  arch(demo_combinatoire_tb)


-------------------------------------------------------------------------------------------------------
Entity               | Architecture | Library | Info | Compiler Version          | Compilation Options
-------------------------------------------------------------------------------------------------------
demo_combinatoire_tb | arch         | labo1   |      | 13.0.376.8320 (Windows64) | -O3 -2008
demo_combinatoire    | arch1        | labo1   |      | 13.0.376.8320 (Windows64) | -O3 -2008
-------------------------------------------------------------------------------------------------------

-------------------------------------------------------------------------------------------------------
VHDL Package                        | Library | Info | Compiler Version          | Compilation Options
-------------------------------------------------------------------------------------------------------
standard                            | std     |      |                           | <unavailable>
TEXTIO                              | std     |      | 13.0.376.8320 (Windows64) |  -2019
std_logic_1164                      | ieee    |      | 13.0.376.8320 (Windows64) |  -2008
NUMERIC_STD                         | ieee    |      | 13.0.376.8320 (Windows64) |  -2008
-------------------------------------------------------------------------------------------------------

-------------------------------------------------------------------------------------------------------
Library                             | Comment
-------------------------------------------------------------------------------------------------------
ieee                                | Standard IEEE packages library
labo1                               | None
std                                 | Standard VHDL library
-------------------------------------------------------------------------------------------------------


Simulation Options: asim -O5 +access +r +m+demo_combinatoire_tb demo_combinatoire_tb arch


The performance of simulation is reduced. Version Student Edition
